*** Statistics for net list HF_tANS_recoder ***
Number of cells      = 251
Number of nets       = 260
Number of tri-nets   = 0
Number of degen nets = 0
Number of pins       = 857
Number of i/os       = 13

Number of nets with    2 terms = 151 (58.1%)
Number of nets with    3 terms = 62 (23.8%)
Number of nets with    4 terms = 19 (7.3%)
Number of nets with    5 terms = 13 (5.0%)
Number of nets with    6 terms = 1 (0.4%)
Number of nets with    7 terms = 4 (1.5%)
Number of nets with    8 terms = 2 (0.8%)
Number of nets with    9 terms = 1 (0.4%)
Number of nets with >=10 terms = 7 (2.7%)

*** 60 Primitives used:
Primitive INVX2 (3 insts)
Primitive OAI222X1 (1 insts)
Primitive OAI21X2 (3 insts)
Primitive NAND2X2 (1 insts)
Primitive AO22XL (21 insts)
Primitive AOI32X1 (1 insts)
Primitive NAND2BX2 (6 insts)
Primitive BUFX6 (2 insts)
Primitive AOI21XL (1 insts)
Primitive AO21XL (1 insts)
Primitive AOI22X1 (1 insts)
Primitive NOR4BBX1 (1 insts)
Primitive NOR2BXL (1 insts)
Primitive INVX1 (30 insts)
Primitive NOR2XL (5 insts)
Primitive OAI22XL (4 insts)
Primitive NAND2BXL (1 insts)
Primitive OR2X4 (1 insts)
Primitive DFFQX2 (1 insts)
Primitive NAND3BX1 (1 insts)
Primitive INVX6 (1 insts)
Primitive INVXL (3 insts)
Primitive AOI221X1 (2 insts)
Primitive NOR3BX1 (1 insts)
Primitive NOR2X1 (2 insts)
Primitive AOI21X1 (1 insts)
Primitive OAI32X1 (1 insts)
Primitive NOR2BX1 (8 insts)
Primitive OAI21XL (1 insts)
Primitive NAND2XL (1 insts)
Primitive NAND3X1 (1 insts)
Primitive NAND2BX1 (17 insts)
Primitive OA22X1 (1 insts)
Primitive AND3XL (1 insts)
Primitive OAI21X1 (2 insts)
Primitive NAND2X1 (12 insts)
Primitive DFFQXL (43 insts)
Primitive XOR2XL (1 insts)
Primitive INVX4 (1 insts)
Primitive OAI2BB1X2 (2 insts)
Primitive XNOR2X1 (2 insts)
Primitive AND4X1 (1 insts)
Primitive DFFRX1 (2 insts)
Primitive OAI211X1 (1 insts)
Primitive MX2XL (4 insts)
Primitive DFFQX1 (4 insts)
Primitive OR2X1 (1 insts)
Primitive TLATXL (4 insts)
Primitive AOI222X1 (1 insts)
Primitive CLKXOR2X1 (1 insts)
Primitive NOR2X2 (2 insts)
Primitive AOI21X2 (1 insts)
Primitive BUFX2 (3 insts)
Primitive NOR2BX2 (1 insts)
Primitive AOI2BB1XL (1 insts)
Primitive DFFRHQX2 (2 insts)
Primitive OR2XL (2 insts)
Primitive CLKBUFX2 (3 insts)
Primitive NAND3BX2 (1 insts)
Primitive OAI2BB1X1 (26 insts)
************
*** Net length and connection length statistics (cell HF_tANS_recoder) ***

Total net length = 2.034e+03 (1.073e+03 9.612e+02)

Avg net length = 7.823e+00 (sigma = 7.972e+00)
Sqrt of avg square net length = 1.117e+01

Avg connection length = 3.407e+00 (sigma = 2.408e+00)
Sqrt of avg square connection length = 4.172e+00

Net and connection length distribution:

[length   range   ]      #net #connection
[0.00e+00 4.00e+00]:       83      155
[4.00e+00 8.00e+00]:       95       77
[8.00e+00 1.20e+01]:       44       21
[1.20e+01 1.60e+01]:       17        6
[1.60e+01 2.00e+01]:        5        1
[2.00e+01 2.40e+01]:        5        0
[2.40e+01 2.80e+01]:        5        0
[2.80e+01 3.20e+01]:        1        0
[3.60e+01 4.00e+01]:        1        0
[4.00e+01 4.40e+01]:        1        0
[4.40e+01 4.80e+01]:        1        0
[4.80e+01 5.20e+01]:        1        0
[6.80e+01 7.20e+01]:        1        0


Total number of long connections = 0
Io: nrCon=0


Total length: 2.504e+03um, number of vias: 1056
M1(H) length: 7.452e+02um, number of vias: 767
M2(V) length: 1.064e+03um, number of vias: 259
M3(H) length: 6.157e+02um, number of vias: 26
M4(V) length: 6.752e+01um, number of vias: 2
M5(H) length: 1.076e+01um, number of vias: 1
M6(V) length: 8.550e-01um, number of vias: 1
M7(H) length: 3.550e-01um, number of vias: 0
M8(V) length: 0.000e+00um, number of vias: 0
M9(H) length: 0.000e+00um

