###############################################################
#  Generated by:      Cadence Innovus 20.10-p004_1
#  OS:                Linux x86_64(Host ID vlsicad.ecs.umass.edu)
#  Generated on:      Wed May 14 12:44:03 2025
#  Design:            HF_tANS_recoder
#  Command:           report_timing         > $RPT_DIR/timing.rpt
###############################################################
Path 1: VIOLATED Setup Check with Pin shift1_reg[1]/CK 
Endpoint:   shift1_reg[1]/D (^) checked with  leading edge of 'PHI'
Beginpoint: LS1_reg[1]/Q    (v) triggered by  leading edge of 'PHI'
Path Groups: {PHI}
Analysis View: worst_1v0
Other End Arrival Time          0.000
- Setup                         0.131
+ Phase Shift                   1.000
- Uncertainty                   0.050
= Required Time                 0.819
- Arrival Time                  0.940
= Slack Time                   -0.121
     Clock Rise Edge                 0.000
     + Clock Network Latency (Ideal) 0.000
     = Beginpoint Arrival Time       0.000
     +---------------------------------------------------------------------+ 
     |   Instance    |     Arc     |   Cell   | Delay | Arrival | Required | 
     |               |             |          |       |  Time   |   Time   | 
     |---------------+-------------+----------+-------+---------+----------| 
     | LS1_reg[1]    | CK ^        |          |       |   0.000 |   -0.121 | 
     | LS1_reg[1]    | CK ^ -> Q v | DFFQX1   | 0.261 |   0.261 |    0.140 | 
     | U183          | A v -> Y ^  | INVX1    | 0.126 |   0.387 |    0.266 | 
     | U184          | A0 ^ -> Y v | AOI21X1  | 0.153 |   0.540 |    0.419 | 
     | FE_RC_5_0     | A v -> Y ^  | NOR2X1   | 0.123 |   0.662 |    0.541 | 
     | FE_RC_4_0     | B ^ -> Y v  | NOR2BX2  | 0.074 |   0.736 |    0.615 | 
     | FE_RC_9_0     | B v -> Y ^  | NOR2X2   | 0.059 |   0.795 |    0.674 | 
     | FE_RC_15_0    | B ^ -> Y v  | NAND2BX1 | 0.081 |   0.876 |    0.754 | 
     | FE_RC_14_0    | B v -> Y ^  | NAND2X1  | 0.065 |   0.940 |    0.819 | 
     | shift1_reg[1] | D ^         | DFFQX1   | 0.000 |   0.940 |    0.819 | 
     +---------------------------------------------------------------------+ 

