 
****************************************
Report : area
Design : HF_tANS_recoder
Version: T-2022.03-SP4
Date   : Thu May 15 12:44:25 2025
****************************************

Library(s) Used:

    slow_vdd1v0 (File: /home/ece558_658_2024/schicoine/HF_tANS/synth/gpdk045_slow.db)

Number of ports:                           13
Number of nets:                           211
Number of cells:                          207
Number of combinational cells:            156
Number of sequential cells:                51
Number of macros/black boxes:               0
Number of buf/inv:                         36
Number of references:                      55

Combinational area:                243.846005
Buf/Inv area:                       31.122001
Noncombinational area:             280.098006
Macro/Black Box area:                0.000000
Net Interconnect area:      undefined  (No wire load specified)

Total cell area:                   523.944012
Total area:                 undefined
1
