 
****************************************
Report : area
Design : HF_tANS_recoder
Version: T-2022.03-SP4
Date   : Thu May 15 12:44:37 2025
****************************************

Library(s) Used:

    fast_vdd1v0 (File: /home/ece558_658_2024/schicoine/HF_tANS/synth/gpdk045_fast.db)

Number of ports:                           13
Number of nets:                           161
Number of cells:                          157
Number of combinational cells:            106
Number of sequential cells:                51
Number of macros/black boxes:               0
Number of buf/inv:                         29
Number of references:                      26

Combinational area:                145.008003
Buf/Inv area:                       19.836000
Noncombinational area:             279.072006
Macro/Black Box area:                0.000000
Net Interconnect area:      undefined  (No wire load specified)

Total cell area:                   424.080009
Total area:                 undefined
1
